API SNAPSHOT Mon Feb 16 13:12:15 +07 2026
====================
[13:12:16] profile -> 200
{"id":238,"name":"Shammi Dhaliwal","title":"President"}

[13:12:16] dashboard -> 200
{}

[13:12:16] delegates -> 200
[{"id":300,"name":"Adam Cracknell","title":"Business development Manager","email":"sales@triwayslogistics.com.au","company_name":"Triways Logistics","avatar_url":"https://ui-avatars.com/api/?name=Adam+Cracknell&background=0D8ABC&color=fff","country_code":"AU","team_id":450,"first_login":true,"is_connected":false},{"id":544,"name":"ADAM CRACKNELL","title":null,"email":"adam@triwayslogistics.com.au_dup_544","company_name":"Triways Logistics","avatar_url":"https://ui-avatars.com/api/?name=ADAM+CRACKNELL&background=0D8ABC&color=fff","country_code":"AU","team_id":566,"first_login":true,"is_connected":false}]

[13:12:16] delegates/search -> 200
{}

[13:12:16] schedules -> 200
{}

[13:12:16] schedules/my_schedule?year=2025 -> 200
{}

[13:12:16] messages -> 200
[{"id":177,"content":"PHASE3 TEST","read_at":null,"created_at":"2026-02-16T04:53:38.889Z","sender":{"id":162,"name":"Narisara Lasan","title":null,"company_name":"BGL Thailand","avatar_url":"https://ui-avatars.com/api/?name=Narisara+Lasan&background=0D8ABC&color=fff"},"recipient":{"id":238,"name":"Shammi Dhaliwal","title":"President","company_name":"GLOBEEX FREIGHT SYSTEMS","avatar_url":"https://ui-avatars.com/api/?name=Shammi+Dhaliwal&background=0D8ABC&color=fff"},"edited_at":null,"deleted_at":null,"is_deleted":false},{"id":175,"content":"PHASE3 TEST","read_at":"2026-02-16T04:53:38.867Z","created_at":"2026-02-16T04:53:28.787Z","sender":{"id":162,"name":"Narisara Lasan","title":null,"company_name":"BGL Thailand","avatar_url":"https://ui-avatars.com/api/?name=Narisara+Lasan&background=0D8ABC&color=fff"},"recipient":{"id":238,"name":"Shammi Dhaliwal","title":"President","company_name":"GLOBEEX FREIGHT SYSTEMS","avatar_url":"https://ui-avatars.com/api/?name=Shammi+Dhaliwal&background=0D8ABC&color=fff"},"edited_at":null,"deleted_at":null,"is_deleted":false}]

[13:12:16] messages/rooms -> 200
[{"delegate":{"id":162,"name":"Narisara Lasan","title":null},"last_message":"PHASE3 TEST","last_message_at":"2026-02-16T04:53:38.889Z","unread_count":2}]

[13:12:16] messages/unread_count -> 200
{}

[13:12:16] chat_rooms -> 200
[{"id":1,"title":"TestRoom","room_kind":"group","members":[162,238,446]},{"id":2,"title":"TestRoom","room_kind":"group","members":[162,238,446]}]

[13:12:16] networking/directory -> 200
[{"id":300,"name":"Adam Cracknell","title":"Business development Manager","company_name":"Triways Logistics","avatar_url":"https://ui-avatars.com/api/?name=Adam+Cracknell&background=0D8ABC&color=fff","country_code":"AU","is_connected":false},{"id":544,"name":"ADAM CRACKNELL","title":null,"company_name":"Triways Logistics","avatar_url":"https://ui-avatars.com/api/?name=ADAM+CRACKNELL&background=0D8ABC&color=fff","country_code":"AU","is_connected":false}]

[13:12:16] notifications -> 200
[{"id":73,"type":"new_message","read_at":"2026-02-16T03:08:47.761Z","created_at":"2026-02-10T07:19:36.328Z","unread?":false,"notifiable":{"type":"message","id":63,"sender":{"id":162,"name":"Narisara Lasan","avatar_url":"https://ui-avatars.com/api/?name=Narisara+Lasan&background=0D8ABC&color=fff"},"content":"EDITED AUTO"}},{"id":72,"type":"new_message","read_at":"2026-02-16T03:08:47.761Z","created_at":"2026-02-10T07:19:05.565Z","unread?":false,"notifiable":{"type":"message","id":62,"sender":{"id":162,"name":"Narisara Lasan","avatar_url":"https://ui-avatars.com/api/?name=Narisara+Lasan&background=0D8ABC&color=fff"},"content":"EDITED AUTO"}}]

[13:12:16] leave_types -> 200
[{"id":1,"code":"SICK","name":"Sick","description":null,"active":true,"created_at":"2026-02-05T09:07:07.659Z","updated_at":"2026-02-05T09:07:07.659Z","name_th":"ลาป่วย","name_en":"Sick Leave"},{"id":2,"code":"VAC","name":"Vacation","description":null,"active":true,"created_at":"2026-02-05T09:07:07.665Z","updated_at":"2026-02-05T09:07:07.665Z","name_th":"ลาพักร้อน","name_en":"Vacation Leave"}]

